<?xml version="1.0" encoding="UTF-8"?>
<!-- Generated by org.testng.reporters.JUnitReportReporter -->
<testsuite hostname="LAPTOP-QHESRBQQ" failures="0" tests="1" name="com.inetbanking.TestCases.LoginTest_001" time="8.436" errors="0" timestamp="2022-05-01T13:36:14 IST" skipped="0">
  <testcase classname="com.inetbanking.TestCases.LoginTest_001" name="loginTest" time="8.436"/>
  <system-out/>
</testsuite> <!-- com.inetbanking.TestCases.LoginTest_001 -->
