<?xml version="1.0" encoding="UTF-8"?>
<!-- Generated by org.testng.reporters.JUnitReportReporter -->
<testsuite hostname="LAPTOP-QHESRBQQ" failures="0" tests="1" name="com.inetbanking.TestCases.LoginTest_001" time="11.078" errors="0" timestamp="2022-05-03T19:07:43 IST" skipped="0">
  <testcase classname="com.inetbanking.TestCases.LoginTest_001" name="loginTest" time="11.078"/>
  <system-out/>
</testsuite> <!-- com.inetbanking.TestCases.LoginTest_001 -->
