<?xml version="1.0" encoding="UTF-8"?>
<!-- Generated by org.testng.reporters.JUnitReportReporter -->
<testsuite hostname="LAPTOP-QHESRBQQ" failures="0" tests="1" name="com.inetbanking.TestCases.LoginTest_002" time="0.000" errors="0" timestamp="2022-05-02T09:23:25 IST" skipped="1">
  <testcase classname="com.inetbanking.TestCases.LoginTest_002" name="loginDDT" time="0.000">
    <skipped/>
  </testcase> <!-- loginDDT -->
  <system-out/>
</testsuite> <!-- com.inetbanking.TestCases.LoginTest_002 -->
